gcc -Wall -fopenmp mandelbrot.cpp -o mandelbrot -O3 -lm -std=c++11
gcc -Wall -fopenmp mandelbrot_opti.cpp -o mandelbrot_opti -O3 -lm -std=c++11
gcc -Wall -fopenmp mandelbrot_opti+openmp.cpp -o mandelbrot_opti+openmp -O3 -lm -std=c++11
mpic++ -Wall -fopenmp mandelbrot_opti+mpi.cpp -o mandelbrot_opti+mpi -O3 -lm -std=c++11
mpic++ -Wall -fopenmp mandelbrot_opti+mpi+multithread.cpp -o mandelbrot_opti+mpi+multithread -O3 -lm -std=c++11

mandelbrot
set = set1

real	0m0.018s
user	0m0.004s
sys	0m0.009s
set = set2

real	0m0.017s
user	0m0.002s
sys	0m0.010s
set = set3

real	0m0.017s
user	0m0.002s
sys	0m0.011s
set = set4

real	0m0.017s
user	0m0.002s
sys	0m0.010s
set = set5

real	0m0.017s
user	0m0.003s
sys	0m0.009s
set = set6

real	0m0.017s
user	0m0.002s
sys	0m0.010s
set = set7

real	0m0.017s
user	0m0.003s
sys	0m0.009s
set = set8

real	0m0.017s
user	0m0.003s
sys	0m0.009s
set = set9

real	0m0.017s
user	0m0.004s
sys	0m0.008s
set = set10

real	0m0.017s
user	0m0.003s
sys	0m0.009s
set = set11

real	0m0.017s
user	0m0.003s
sys	0m0.009s
set = set12

real	0m0.017s
user	0m0.002s
sys	0m0.010s
set = set13

real	0m0.017s
user	0m0.001s
sys	0m0.011s
set = set14

real	0m0.017s
user	0m0.002s
sys	0m0.010s
set = set15

real	0m0.017s
user	0m0.002s
sys	0m0.010s

mandelbrot_opti
set = set1

real	0m0.017s
user	0m0.002s
sys	0m0.010s
set = set2

real	0m0.017s
user	0m0.003s
sys	0m0.009s
set = set3

real	0m0.017s
user	0m0.002s
sys	0m0.010s
set = set4

real	0m0.017s
user	0m0.002s
sys	0m0.010s
set = set5

real	0m0.017s
user	0m0.003s
sys	0m0.009s
set = set6

real	0m0.017s
user	0m0.003s
sys	0m0.010s
set = set7

real	0m0.017s
user	0m0.002s
sys	0m0.010s
set = set8

real	0m0.017s
user	0m0.001s
sys	0m0.012s
set = set9

real	0m0.017s
user	0m0.003s
sys	0m0.009s
set = set10

real	0m0.017s
user	0m0.002s
sys	0m0.010s
set = set11

real	0m0.017s
user	0m0.004s
sys	0m0.008s
set = set12

real	0m0.017s
user	0m0.001s
sys	0m0.011s
set = set13

real	0m0.017s
user	0m0.001s
sys	0m0.012s
set = set14

real	0m0.018s
user	0m0.002s
sys	0m0.010s
set = set15

real	0m0.017s
user	0m0.005s
sys	0m0.008s

mandelbrot_opti+openmp
set = set1

real	0m0.017s
user	0m0.001s
sys	0m0.011s
set = set2

real	0m0.017s
user	0m0.000s
sys	0m0.012s
set = set3

real	0m0.017s
user	0m0.002s
sys	0m0.011s
set = set4

real	0m0.017s
user	0m0.003s
sys	0m0.010s
set = set5

real	0m0.017s
user	0m0.001s
sys	0m0.011s
set = set6

real	0m0.017s
user	0m0.005s
sys	0m0.007s
set = set7

real	0m0.017s
user	0m0.003s
sys	0m0.009s
set = set8

real	0m0.018s
user	0m0.002s
sys	0m0.011s
set = set9

real	0m0.017s
user	0m0.002s
sys	0m0.010s
set = set10

real	0m0.017s
user	0m0.003s
sys	0m0.010s
set = set11

real	0m0.017s
user	0m0.003s
sys	0m0.010s
set = set12

real	0m0.017s
user	0m0.002s
sys	0m0.010s
set = set13

real	0m0.017s
user	0m0.004s
sys	0m0.008s
set = set14

real	0m0.017s
user	0m0.002s
sys	0m0.010s
set = set15

real	0m0.017s
user	0m0.000s
sys	0m0.012s




mandelbrot_opti+mpi
set = set1

real	0m1.753s
user	0m1.792s
sys	0m1.554s
set = set2

real	0m1.603s
user	0m1.761s
sys	0m1.567s
set = set3

real	0m1.680s
user	0m1.775s
sys	0m1.543s
set = set4

real	0m1.704s
user	0m1.782s
sys	0m1.544s
set = set5

real	0m1.597s
user	0m1.715s
sys	0m1.609s
set = set6

real	0m1.661s
user	0m1.735s
sys	0m1.611s
set = set7

real	0m1.684s
user	0m1.726s
sys	0m1.604s
set = set8

real	0m1.497s
user	0m1.773s
sys	0m1.553s
set = set9

real	0m1.467s
user	0m1.785s
sys	0m1.539s
set = set10

real	0m1.466s
user	0m1.746s
sys	0m1.580s
set = set11

real	0m1.527s
user	0m1.794s
sys	0m1.542s
set = set12

real	0m1.485s
user	0m1.777s
sys	0m1.549s
set = set13

real	0m1.497s
user	0m1.769s
sys	0m1.557s
set = set14

real	0m1.484s
user	0m1.772s
sys	0m1.558s
set = set15

real	0m1.541s
user	0m1.790s
sys	0m1.539s

mandelbrot_opti+mpi
set = set1

real	0m1.507s
user	0m1.799s
sys	0m1.530s
set = set2

real	0m1.601s
user	0m1.757s
sys	0m1.567s
set = set3

real	0m1.571s
user	0m1.750s
sys	0m1.577s
set = set4

real	0m1.549s
user	0m1.754s
sys	0m1.574s
set = set5

real	0m1.528s
user	0m1.734s
sys	0m1.584s
set = set6

real	0m1.564s
user	0m1.788s
sys	0m1.539s
set = set7

real	0m1.494s
user	0m1.768s
sys	0m1.561s
set = set8

real	0m1.553s
user	0m1.770s
sys	0m1.559s
set = set9

real	0m1.548s
user	0m1.730s
sys	0m1.597s
set = set10

real	0m1.588s
user	0m1.783s
sys	0m1.554s
set = set11

real	0m1.573s
user	0m1.821s
sys	0m1.496s
set = set12

real	0m1.522s
user	0m1.750s
sys	0m1.565s
set = set13

real	0m1.603s
user	0m1.743s
sys	0m1.584s
set = set14

real	0m1.498s
user	0m1.746s
sys	0m1.566s
set = set15

real	0m1.548s
user	0m1.727s
sys	0m1.585s

+multithread
set = set1

real	0m0.924s
user	0m0.381s
sys	0m0.469s
set = set2

real	0m0.975s
user	0m0.381s
sys	0m0.465s
set = set3

real	0m1.003s
user	0m0.386s
sys	0m0.461s
set = set4

real	0m0.941s
user	0m0.359s
sys	0m0.497s
set = set5

real	0m1.019s
user	0m0.364s
sys	0m0.498s
set = set6

real	0m0.968s
user	0m0.377s
sys	0m0.500s
set = set7

real	0m0.999s
user	0m0.384s
sys	0m0.472s
set = set8

real	0m0.995s
user	0m0.380s
sys	0m0.479s
set = set9

real	0m0.923s
user	0m0.380s
sys	0m0.472s
set = set10

real	0m1.008s
user	0m0.379s
sys	0m0.471s
set = set11

real	0m0.994s
user	0m0.371s
sys	0m0.480s
set = set12

real	0m0.919s
user	0m0.373s
sys	0m0.479s
set = set13

real	0m0.990s
user	0m0.383s
sys	0m0.466s
set = set14

real	0m0.982s
user	0m0.381s
sys	0m0.470s
set = set15

real	0m0.923s
user	0m0.382s
sys	0m0.471s
