gcc -Wall -fopenmp mandelbrot.cpp -o mandelbrot -lm -std=c++11
gcc -Wall -fopenmp mandelbrot_opti.cpp -o mandelbrot_opti -lm -std=c++11
gcc -Wall -fopenmp mandelbrot_opti+openmp.cpp -o mandelbrot_opti+openmp -lm -std=c++11
mpic++ -Wall -fopenmp mandelbrot_opti+mpi.cpp -o mandelbrot_opti+mpi -lm -std=c++11
mpic++ -Wall -fopenmp mandelbrot_opti+mpi+multithread.cpp -o mandelbrot_opti+mpi+multithread -lm -std=c++11

mandelbrot_opti+mpi
set = set1

real	0m0.562s
user	0m1.074s
sys	0m0.490s
set = set2

real	0m0.459s
user	0m0.589s
sys	0m0.512s
set = set3

real	0m0.522s
user	0m0.874s
sys	0m0.486s
set = set4

real	0m0.825s
user	0m2.090s
sys	0m0.502s
set = set5

real	0m1.289s
user	0m3.859s
sys	0m0.570s
set = set6

real	0m1.933s
user	0m6.571s
sys	0m0.553s
set = set7

real	0m2.881s
user	0m9.895s
sys	0m0.633s

mandelbrot_opti+mpi+multithread
set = set1

real	0m0.930s
user	0m6.038s
sys	0m0.501s
set = set2

real	0m0.721s
user	0m3.548s
sys	0m0.507s
set = set3

real	0m0.729s
user	0m3.608s
sys	0m0.528s
set = set4

real	0m0.806s
user	0m4.442s
sys	0m0.536s
set = set5

real	0m0.919s
user	0m5.560s
sys	0m0.553s
set = set6

real	0m1.070s
user	0m7.585s
sys	0m0.537s
set = set7

real	0m1.281s
user	0m10.100s
sys	0m0.511s

mandelbrot
set = set1

real	0m3.383s
user	0m3.377s
sys	0m0.003s
set = set2

real	0m0.541s
user	0m0.535s
sys	0m0.003s
set = set3

real	0m2.123s
user	0m2.115s
sys	0m0.004s
set = set4

real	0m8.450s
user	0m8.445s
sys	0m0.002s
set = set5

real	0m18.997s
user	0m18.986s
sys	0m0.006s
set = set6

real	0m33.720s
user	0m33.710s
sys	0m0.006s
set = set7

real	0m53.091s
user	0m52.863s
sys	0m0.197s

mandelbrot_opti
set = set1

real	0m0.320s
user	0m0.311s
sys	0m0.006s
set = set2

real	0m0.067s
user	0m0.060s
sys	0m0.004s
set = set3

real	0m0.225s
user	0m0.219s
sys	0m0.002s
set = set4

real	0m0.878s
user	0m0.874s
sys	0m0.002s
set = set5

real	0m1.926s
user	0m1.913s
sys	0m0.009s
set = set6

real	0m3.400s
user	0m3.393s
sys	0m0.004s
set = set7

real	0m5.294s
user	0m5.263s
sys	0m0.026s

mandelbrot_opti+openmp
set = set1

real	0m0.320s
user	0m0.315s
sys	0m0.002s
set = set2

real	0m0.068s
user	0m0.062s
sys	0m0.003s
set = set3

real	0m0.227s
user	0m0.221s
sys	0m0.003s
set = set4

real	0m0.879s
user	0m0.874s
sys	0m0.003s
set = set5

real	0m1.918s
user	0m1.912s
sys	0m0.004s
set = set6

real	0m3.426s
user	0m3.404s
sys	0m0.018s
set = set7

real	0m5.304s
user	0m5.274s
sys	0m0.024s
